::1 - - [13/Jun/2026 15:41:41] "GET / HTTP/1.1" 200 -
::1 - - [13/Jun/2026 15:41:41] "GET /style.css HTTP/1.1" 200 -
::1 - - [13/Jun/2026 15:41:41] "GET /app.js HTTP/1.1" 200 -
::1 - - [13/Jun/2026 15:41:41] "GET /factory_bg.png HTTP/1.1" 200 -
::1 - - [13/Jun/2026 15:41:41] code 404, message File not found
::1 - - [13/Jun/2026 15:41:41] "GET /favicon.ico HTTP/1.1" 404 -
::1 - - [13/Jun/2026 15:44:52] "GET / HTTP/1.1" 200 -
::1 - - [13/Jun/2026 15:44:52] "GET /style.css HTTP/1.1" 200 -
::1 - - [13/Jun/2026 15:44:52] "GET /app.js HTTP/1.1" 304 -
::1 - - [13/Jun/2026 15:44:52] "GET /factory_bg.png HTTP/1.1" 304 -
::1 - - [13/Jun/2026 15:55:51] "GET / HTTP/1.1" 200 -
::1 - - [13/Jun/2026 15:55:51] "GET /style.css HTTP/1.1" 200 -
::1 - - [13/Jun/2026 15:55:51] "GET /app.js HTTP/1.1" 304 -
::1 - - [13/Jun/2026 15:55:51] "GET /Logo.png HTTP/1.1" 200 -
::1 - - [13/Jun/2026 15:55:51] "GET /factory_bg.png HTTP/1.1" 304 -
::1 - - [13/Jun/2026 15:59:22] "GET / HTTP/1.1" 200 -
::1 - - [13/Jun/2026 15:59:22] "GET /style.css HTTP/1.1" 200 -
::1 - - [13/Jun/2026 15:59:22] "GET /Logo.png HTTP/1.1" 304 -
::1 - - [13/Jun/2026 15:59:22] "GET /app.js HTTP/1.1" 200 -
::1 - - [13/Jun/2026 15:59:22] "GET /factory_bg.png HTTP/1.1" 304 -
::1 - - [13/Jun/2026 17:24:49] "GET / HTTP/1.1" 200 -
::1 - - [13/Jun/2026 17:25:31] "GET / HTTP/1.1" 200 -
::1 - - [13/Jun/2026 17:25:31] "GET /style.css HTTP/1.1" 200 -
::1 - - [13/Jun/2026 17:25:31] "GET /app.js HTTP/1.1" 200 -
::1 - - [13/Jun/2026 17:25:31] "GET /Logo.png HTTP/1.1" 304 -
::1 - - [13/Jun/2026 17:25:31] "GET /factory_bg.png HTTP/1.1" 304 -
